<?xml version="1.0" encoding="UTF-8"?>
<!-- Generated by org.testng.reporters.JUnitReportReporter -->
<testsuite hostname="DESKTOP-JFEA9BO" failures="0" tests="1" name="seleniumBasics.TestngAnotations" time="0.032" errors="0" timestamp="2025-05-06T14:42:32 IST" skipped="0">
  <testcase classname="seleniumBasics.TestngAnotations" name="testcase" time="0.032"/>
</testsuite> <!-- seleniumBasics.TestngAnotations -->
